SaluDate/app/build/intermediates/manifest_merge_blame_file/debug/manifest-merger-blame-debug-report.txt
1<?xml version="1.0" encoding="utf-8"?>
2<manifest xmlns:android="http://schemas.android.com/apk/res/android"
3    package="com.example.saludate"
4    android:versionCode="1"
5    android:versionName="1.0" >
6
7    <uses-sdk
8        android:minSdkVersion="21"
8-->src\main\AndroidManifest.xml
9        android:targetSdkVersion="32" />
9-->src\main\AndroidManifest.xml
10
11    <application
11-->src\main\AndroidManifest.xml:6:5-67:19
12        android:allowBackup="true"
12-->src\main\AndroidManifest.xml:7:9-35
13        android:appComponentFactory="androidx.core.app.CoreComponentFactory"
13-->[androidx.core:core:1.8.0] AndroidManifest.xml:24:18-86
14        android:dataExtractionRules="@xml/data_extraction_rules"
14-->src\main\AndroidManifest.xml:8:9-65
15        android:debuggable="true"
16        android:fullBackupContent="@xml/backup_rules"
16-->src\main\AndroidManifest.xml:9:9-54
17        android:icon="@mipmap/ic_launcher"
17-->src\main\AndroidManifest.xml:10:9-43
18        android:label="@string/app_name"
18-->src\main\AndroidManifest.xml:11:9-41
19        android:roundIcon="@mipmap/ic_launcher_round"
19-->src\main\AndroidManifest.xml:12:9-54
20        android:supportsRtl="true"
20-->src\main\AndroidManifest.xml:13:9-35
21        android:testOnly="true"
22        android:theme="@style/Theme.SaluDate" >
22-->src\main\AndroidManifest.xml:14:9-46
23        <activity
23-->src\main\AndroidManifest.xml:16:9-18:40
24            android:name="com.example.saludate.AddTest_e"
24-->src\main\AndroidManifest.xml:17:13-38
25            android:exported="false" />
25-->src\main\AndroidManifest.xml:18:13-37
26        <activity
26-->src\main\AndroidManifest.xml:19:9-21:40
27            android:name="com.example.saludate.MedicalTest_e"
27-->src\main\AndroidManifest.xml:20:13-42
28            android:exported="false" />
28-->src\main\AndroidManifest.xml:21:13-37
29        <activity
29-->src\main\AndroidManifest.xml:22:9-24:40
30            android:name="com.example.saludate.Medicine_e"
30-->src\main\AndroidManifest.xml:23:13-39
31            android:exported="false" />
31-->src\main\AndroidManifest.xml:24:13-37
32        <activity
32-->src\main\AndroidManifest.xml:25:9-27:40
33            android:name="com.example.saludate.Register_e"
33-->src\main\AndroidManifest.xml:26:13-39
34            android:exported="false" />
34-->src\main\AndroidManifest.xml:27:13-37
35        <activity
35-->src\main\AndroidManifest.xml:28:9-30:40
36            android:name="com.example.saludate.HealtCondition"
36-->src\main\AndroidManifest.xml:29:13-43
37            android:exported="false" />
37-->src\main\AndroidManifest.xml:30:13-37
38        <activity
38-->src\main\AndroidManifest.xml:31:9-33:40
39            android:name="com.example.saludate.BloodPreasure"
39-->src\main\AndroidManifest.xml:32:13-42
40            android:exported="false" />
40-->src\main\AndroidManifest.xml:33:13-37
41        <activity
41-->src\main\AndroidManifest.xml:34:9-36:40
42            android:name="com.example.saludate.Oxygenation"
42-->src\main\AndroidManifest.xml:35:13-40
43            android:exported="false" />
43-->src\main\AndroidManifest.xml:36:13-37
44        <activity
44-->src\main\AndroidManifest.xml:37:9-39:40
45            android:name="com.example.saludate.BreathingFrecuency"
45-->src\main\AndroidManifest.xml:38:13-47
46            android:exported="false" />
46-->src\main\AndroidManifest.xml:39:13-37
47        <activity
47-->src\main\AndroidManifest.xml:40:9-42:40
48            android:name="com.example.saludate.Temperature"
48-->src\main\AndroidManifest.xml:41:13-40
49            android:exported="false" />
49-->src\main\AndroidManifest.xml:42:13-37
50        <activity
50-->src\main\AndroidManifest.xml:43:9-45:40
51            android:name="com.example.saludate.HeartRate"
51-->src\main\AndroidManifest.xml:44:13-38
52            android:exported="false" />
52-->src\main\AndroidManifest.xml:45:13-37
53        <activity
53-->src\main\AndroidManifest.xml:46:9-48:40
54            android:name="com.example.saludate.SugarBlood"
54-->src\main\AndroidManifest.xml:47:13-39
55            android:exported="false" />
55-->src\main\AndroidManifest.xml:48:13-37
56        <activity
56-->src\main\AndroidManifest.xml:49:9-51:40
57            android:name="com.example.saludate.VitalSigns"
57-->src\main\AndroidManifest.xml:50:13-39
58            android:exported="false" />
58-->src\main\AndroidManifest.xml:51:13-37
59        <activity
59-->src\main\AndroidManifest.xml:52:9-62:20
60            android:name="com.example.saludate.MainActivity"
60-->src\main\AndroidManifest.xml:53:13-41
61            android:exported="true"
61-->src\main\AndroidManifest.xml:54:13-36
62            android:label="@string/app_name"
62-->src\main\AndroidManifest.xml:55:13-45
63            android:theme="@style/Theme.SaluDate.NoActionBar" >
63-->src\main\AndroidManifest.xml:56:13-62
64            <intent-filter>
64-->src\main\AndroidManifest.xml:57:13-61:29
65                <action android:name="android.intent.action.MAIN" />
65-->src\main\AndroidManifest.xml:58:17-69
65-->src\main\AndroidManifest.xml:58:25-66
66
67                <category android:name="android.intent.category.LAUNCHER" />
67-->src\main\AndroidManifest.xml:60:17-77
67-->src\main\AndroidManifest.xml:60:27-74
68            </intent-filter>
69        </activity>
70
71        <meta-data
71-->src\main\AndroidManifest.xml:64:9-66:57
72            android:name="preloaded_fonts"
72-->src\main\AndroidManifest.xml:65:13-43
73            android:resource="@array/preloaded_fonts" />
73-->src\main\AndroidManifest.xml:66:13-54
74
75        <provider
75-->[androidx.emoji2:emoji2:1.2.0] AndroidManifest.xml:24:9-32:20
76            android:name="androidx.startup.InitializationProvider"
76-->[androidx.emoji2:emoji2:1.2.0] AndroidManifest.xml:25:13-67
77            android:authorities="com.example.saludate.androidx-startup"
77-->[androidx.emoji2:emoji2:1.2.0] AndroidManifest.xml:26:13-68
78            android:exported="false" >
78-->[androidx.emoji2:emoji2:1.2.0] AndroidManifest.xml:27:13-37
79            <meta-data
79-->[androidx.emoji2:emoji2:1.2.0] AndroidManifest.xml:29:13-31:52
80                android:name="androidx.emoji2.text.EmojiCompatInitializer"
80-->[androidx.emoji2:emoji2:1.2.0] AndroidManifest.xml:30:17-75
81                android:value="androidx.startup" />
81-->[androidx.emoji2:emoji2:1.2.0] AndroidManifest.xml:31:17-49
82            <meta-data
82-->[androidx.lifecycle:lifecycle-process:2.4.1] AndroidManifest.xml:31:13-33:52
83                android:name="androidx.lifecycle.ProcessLifecycleInitializer"
83-->[androidx.lifecycle:lifecycle-process:2.4.1] AndroidManifest.xml:32:17-78
84                android:value="androidx.startup" />
84-->[androidx.lifecycle:lifecycle-process:2.4.1] AndroidManifest.xml:33:17-49
85        </provider>
86
87        <uses-library
87-->[androidx.window:window:1.0.0] AndroidManifest.xml:25:9-27:40
88            android:name="androidx.window.extensions"
88-->[androidx.window:window:1.0.0] AndroidManifest.xml:26:13-54
89            android:required="false" />
89-->[androidx.window:window:1.0.0] AndroidManifest.xml:27:13-37
90        <uses-library
90-->[androidx.window:window:1.0.0] AndroidManifest.xml:28:9-30:40
91            android:name="androidx.window.sidecar"
91-->[androidx.window:window:1.0.0] AndroidManifest.xml:29:13-51
92            android:required="false" />
92-->[androidx.window:window:1.0.0] AndroidManifest.xml:30:13-37
93    </application>
94
95</manifest>